I, [2025-03-25T23:16:16.084527 #41185]  INFO -- default-amazon-2023: -----> Verifying <default-amazon-2023>...
I, [2025-03-25T23:16:20.587291 #41185]  INFO -- default-amazon-2023: Loaded tests from {:path=>".Users.jonathanmetzger.Library.Mobile Documents.com~apple~CloudDocs.Documents.Coding.chef_applications.cookbook.test.integration.default"} 
I, [2025-03-25T23:16:20.587386 #41185]  INFO -- default-amazon-2023: Loaded amazon-linux-2-stig-ready-baseline 
E, [2025-03-25T23:18:22.741460 #41185] ERROR -- default-amazon-2023: Verify failed on instance <default-amazon-2023>.
E, [2025-03-25T23:18:22.741820 #41185] ERROR -- default-amazon-2023: ------Exception-------
E, [2025-03-25T23:18:22.741831 #41185] ERROR -- default-amazon-2023: Class: Kitchen::ActionFailed
E, [2025-03-25T23:18:22.741840 #41185] ERROR -- default-amazon-2023: Message: InSpec Runner returns 1
E, [2025-03-25T23:18:22.741847 #41185] ERROR -- default-amazon-2023: ----------------------
E, [2025-03-25T23:18:22.741854 #41185] ERROR -- default-amazon-2023: ------Backtrace-------
E, [2025-03-25T23:18:22.741861 #41185] ERROR -- default-amazon-2023: /Users/jonathanmetzger/.chef/gem/ruby/3.1.0/gems/kitchen-inspec-2.6.2/lib/kitchen/verifier/inspec.rb:114:in `call'
E, [2025-03-25T23:18:22.741867 #41185] ERROR -- default-amazon-2023: /Users/jonathanmetzger/.chef/gem/ruby/3.1.0/gems/test-kitchen-3.7.0/lib/kitchen/instance.rb:469:in `block in verify_action'
E, [2025-03-25T23:18:22.741874 #41185] ERROR -- default-amazon-2023: /Users/jonathanmetzger/.chef/gem/ruby/3.1.0/gems/test-kitchen-3.7.0/lib/kitchen/instance.rb:560:in `block in synchronize_or_call'
E, [2025-03-25T23:18:22.741881 #41185] ERROR -- default-amazon-2023: /Users/jonathanmetzger/.chef/gem/ruby/3.1.0/gems/test-kitchen-3.7.0/lib/kitchen/instance.rb:558:in `synchronize'
E, [2025-03-25T23:18:22.741887 #41185] ERROR -- default-amazon-2023: /Users/jonathanmetzger/.chef/gem/ruby/3.1.0/gems/test-kitchen-3.7.0/lib/kitchen/instance.rb:558:in `synchronize_or_call'
E, [2025-03-25T23:18:22.741894 #41185] ERROR -- default-amazon-2023: /Users/jonathanmetzger/.chef/gem/ruby/3.1.0/gems/test-kitchen-3.7.0/lib/kitchen/instance.rb:524:in `block in action'
E, [2025-03-25T23:18:22.741900 #41185] ERROR -- default-amazon-2023: /opt/cinc-workstation/embedded/lib/ruby/3.1.0/benchmark.rb:296:in `measure'
E, [2025-03-25T23:18:22.741907 #41185] ERROR -- default-amazon-2023: /Users/jonathanmetzger/.chef/gem/ruby/3.1.0/gems/test-kitchen-3.7.0/lib/kitchen/instance.rb:523:in `action'
E, [2025-03-25T23:18:22.741913 #41185] ERROR -- default-amazon-2023: /Users/jonathanmetzger/.chef/gem/ruby/3.1.0/gems/test-kitchen-3.7.0/lib/kitchen/instance.rb:461:in `verify_action'
E, [2025-03-25T23:18:22.741919 #41185] ERROR -- default-amazon-2023: /Users/jonathanmetzger/.chef/gem/ruby/3.1.0/gems/test-kitchen-3.7.0/lib/kitchen/instance.rb:392:in `block (2 levels) in transition_to'
E, [2025-03-25T23:18:22.741926 #41185] ERROR -- default-amazon-2023: /Users/jonathanmetzger/.chef/gem/ruby/3.1.0/gems/test-kitchen-3.7.0/lib/kitchen/lifecycle_hooks.rb:47:in `run_with_hooks'
E, [2025-03-25T23:18:22.741933 #41185] ERROR -- default-amazon-2023: /Users/jonathanmetzger/.chef/gem/ruby/3.1.0/gems/test-kitchen-3.7.0/lib/kitchen/instance.rb:391:in `block in transition_to'
E, [2025-03-25T23:18:22.741939 #41185] ERROR -- default-amazon-2023: /Users/jonathanmetzger/.chef/gem/ruby/3.1.0/gems/test-kitchen-3.7.0/lib/kitchen/instance.rb:390:in `each'
E, [2025-03-25T23:18:22.741945 #41185] ERROR -- default-amazon-2023: /Users/jonathanmetzger/.chef/gem/ruby/3.1.0/gems/test-kitchen-3.7.0/lib/kitchen/instance.rb:390:in `transition_to'
E, [2025-03-25T23:18:22.741952 #41185] ERROR -- default-amazon-2023: /Users/jonathanmetzger/.chef/gem/ruby/3.1.0/gems/test-kitchen-3.7.0/lib/kitchen/instance.rb:161:in `verify'
E, [2025-03-25T23:18:22.741958 #41185] ERROR -- default-amazon-2023: /Users/jonathanmetzger/.chef/gem/ruby/3.1.0/gems/test-kitchen-3.7.0/lib/kitchen/command.rb:195:in `public_send'
E, [2025-03-25T23:18:22.741964 #41185] ERROR -- default-amazon-2023: /Users/jonathanmetzger/.chef/gem/ruby/3.1.0/gems/test-kitchen-3.7.0/lib/kitchen/command.rb:195:in `run_action_in_thread'
E, [2025-03-25T23:18:22.741978 #41185] ERROR -- default-amazon-2023: /Users/jonathanmetzger/.chef/gem/ruby/3.1.0/gems/test-kitchen-3.7.0/lib/kitchen/command.rb:166:in `block (2 levels) in run_action'
E, [2025-03-25T23:18:22.741984 #41185] ERROR -- default-amazon-2023: /opt/cinc-workstation/embedded/lib/ruby/gems/3.1.0/gems/logging-2.4.0/lib/logging/diagnostic_context.rb:474:in `block in create_with_logging_context'
E, [2025-03-25T23:18:22.741989 #41185] ERROR -- default-amazon-2023: ----End Backtrace-----
I, [2025-03-25T23:18:22.767999 #41185]  INFO -- default-amazon-2023: [INFO] Preserving Verify Logs
